This file contains any messages produced by compilers while
running configure, to aid debugging if configure makes a mistake.

It was created by newlib configure 1.19.0, which was
generated by GNU Autoconf 2.64.  Invocation command line was

  $ ./configure --disable-option-checking --prefix=/usr/local --host=xtensa-lx106-elf --exec-prefix=/home/q56/xtensa-lx106-elf --with-newlib --enable-multilib --disable-newlib-io-c99-formats --enable-newlib-supplied-syscalls --enable-target-optspace --program-transform-name=s&^&xtensa-lx106-elf-& --enable-newlib-nano-malloc --enable-newlib-nano-formatted-io --enable-newlib-reent-small host_alias=xtensa-lx106-elf CCAS=xtensa-lx106-elf-as CC=xtensa-lx106-elf-gcc --cache-file=/dev/null --srcdir=.

## --------- ##
## Platform. ##
## --------- ##

hostname = q56
uname -m = i686
uname -r = 4.10.0-38-generic
uname -s = Linux
uname -v = #42~16.04.1-Ubuntu SMP Tue Oct 10 16:30:51 UTC 2017

/usr/bin/uname -p = unknown
/bin/uname -X     = unknown

/bin/arch              = unknown
/usr/bin/arch -k       = unknown
/usr/convex/getsysinfo = unknown
/usr/bin/hostinfo      = unknown
/bin/machine           = unknown
/usr/bin/oslevel       = unknown
/bin/universe          = unknown

PATH: /home/q56/xtensa-lx106-elf/bin
PATH: /home/q56/bin
PATH: /home/q56/.local/bin
PATH: /usr/local/sbin
PATH: /usr/local/bin
PATH: /usr/sbin
PATH: /usr/bin
PATH: /sbin
PATH: /bin
PATH: /usr/games
PATH: /usr/local/games
PATH: /snap/bin


## ----------- ##
## Core tests. ##
## ----------- ##

configure:1821: checking build system type
configure:1835: result: i686-pc-linux-gnu
configure:1855: checking host system type
configure:1868: result: xtensa-lx106-elf
configure:1903: checking for a BSD-compatible install
configure:1971: result: /usr/bin/install -c
configure:1982: checking whether build environment is sane
configure:2019: result: yes
configure:2081: checking for gawk
configure:2097: found /usr/bin/gawk
configure:2108: result: gawk
configure:2119: checking whether make sets $(MAKE)
configure:2141: result: yes
configure:2171: checking for style of include used by make
configure:2199: result: GNU
configure:2392: checking for xtensa-lx106-elf-strip
configure:2408: found /home/q56/xtensa-lx106-elf/bin/xtensa-lx106-elf-strip
configure:2419: result: xtensa-lx106-elf-strip
configure:2511: checking for gcc
configure:2538: result: xtensa-lx106-elf-gcc
configure:2549: checking dependency style of xtensa-lx106-elf-gcc
configure:2639: result: gcc3
configure:2714: checking whether we are using GNU C
configure:2725: xtensa-lx106-elf-gcc -E conftest.c
configure:2728: $? = 0
configure:2735: result: yes
configure:2744: checking whether xtensa-lx106-elf-gcc accepts -g
configure:2764: xtensa-lx106-elf-gcc -c -g  conftest.c >&5
configure:2764: $? = 0
configure: failed program was:
| /* confdefs.h */
| #define PACKAGE_NAME "newlib"
| #define PACKAGE_TARNAME "newlib"
| #define PACKAGE_VERSION "1.19.0"
| #define PACKAGE_STRING "newlib 1.19.0"
| #define PACKAGE_BUGREPORT ""
| #define PACKAGE_URL ""
| /* end confdefs.h.  */
| 
| int
| main ()
| {
| 
|   ;
|   return 0;
| }
configure:2779: xtensa-lx106-elf-gcc -c   conftest.c >&5
configure:2779: $? = 0
configure: failed program was:
| /* confdefs.h */
| #define PACKAGE_NAME "newlib"
| #define PACKAGE_TARNAME "newlib"
| #define PACKAGE_VERSION "1.19.0"
| #define PACKAGE_STRING "newlib 1.19.0"
| #define PACKAGE_BUGREPORT ""
| #define PACKAGE_URL ""
| /* end confdefs.h.  */
| 
| int
| main ()
| {
| 
|   ;
|   return 0;
| }
configure:2795: xtensa-lx106-elf-gcc -c -g  conftest.c >&5
configure:2795: $? = 0
configure: failed program was:
| /* confdefs.h */
| #define PACKAGE_NAME "newlib"
| #define PACKAGE_TARNAME "newlib"
| #define PACKAGE_VERSION "1.19.0"
| #define PACKAGE_STRING "newlib 1.19.0"
| #define PACKAGE_BUGREPORT ""
| #define PACKAGE_URL ""
| /* end confdefs.h.  */
| 
| int
| main ()
| {
| 
|   ;
|   return 0;
| }
configure:2805: result: no
configure:2838: checking for xtensa-lx106-elf-as
configure:2854: found /home/q56/xtensa-lx106-elf/bin/xtensa-lx106-elf-as
configure:2865: result: xtensa-lx106-elf-as
configure:2930: checking for xtensa-lx106-elf-ar
configure:2946: found /home/q56/xtensa-lx106-elf/bin/xtensa-lx106-elf-ar
configure:2957: result: xtensa-lx106-elf-ar
configure:3022: checking for xtensa-lx106-elf-ranlib
configure:3038: found /home/q56/xtensa-lx106-elf/bin/xtensa-lx106-elf-ranlib
configure:3049: result: xtensa-lx106-elf-ranlib
configure:3114: checking for xtensa-lx106-elf-readelf
configure:3130: found /home/q56/xtensa-lx106-elf/bin/xtensa-lx106-elf-readelf
configure:3141: result: xtensa-lx106-elf-readelf
configure:3209: checking whether to enable maintainer-specific portions of Makefiles
configure:3218: result: no
configure:3522: creating ./config.status

## ---------------------- ##
## Running config.status. ##
## ---------------------- ##

This file was extended by newlib config.status 1.19.0, which was
generated by GNU Autoconf 2.64.  Invocation command line was

  CONFIG_FILES    = 
  CONFIG_HEADERS  = 
  CONFIG_LINKS    = 
  CONFIG_COMMANDS = 
  $ ./config.status 

on q56

config.status:798: creating Makefile
config.status:955: executing depfiles commands

## ---------------- ##
## Cache variables. ##
## ---------------- ##

ac_cv_build=i686-pc-linux-gnu
ac_cv_c_compiler_gnu=yes
ac_cv_env_CCASFLAGS_set=
ac_cv_env_CCASFLAGS_value=
ac_cv_env_CCAS_set=set
ac_cv_env_CCAS_value=xtensa-lx106-elf-as
ac_cv_env_build_alias_set=
ac_cv_env_build_alias_value=
ac_cv_env_host_alias_set=set
ac_cv_env_host_alias_value=xtensa-lx106-elf
ac_cv_env_target_alias_set=
ac_cv_env_target_alias_value=
ac_cv_host=xtensa-lx106-elf
ac_cv_path_install='/usr/bin/install -c'
ac_cv_prog_AR=xtensa-lx106-elf-ar
ac_cv_prog_AS=xtensa-lx106-elf-as
ac_cv_prog_AWK=gawk
ac_cv_prog_CC=xtensa-lx106-elf-gcc
ac_cv_prog_RANLIB=xtensa-lx106-elf-ranlib
ac_cv_prog_READELF=xtensa-lx106-elf-readelf
ac_cv_prog_STRIP=xtensa-lx106-elf-strip
ac_cv_prog_cc_g=no
ac_cv_prog_make_make_set=yes
am_cv_CC_dependencies_compiler_type=gcc3

## ----------------- ##
## Output variables. ##
## ----------------- ##

ACLOCAL='${SHELL} /home/q56/bld/esp8266/2/Lua-RTOS-ESP8266/platform/esp8266/newlib-xtensa/missing --run aclocal-1.9'
AMDEPBACKSLASH='\'
AMDEP_FALSE='#'
AMDEP_TRUE=''
AMTAR='${SHELL} /home/q56/bld/esp8266/2/Lua-RTOS-ESP8266/platform/esp8266/newlib-xtensa/missing --run tar'
AR='xtensa-lx106-elf-ar'
AS='xtensa-lx106-elf-as'
AUTOCONF='${SHELL} /home/q56/bld/esp8266/2/Lua-RTOS-ESP8266/platform/esp8266/newlib-xtensa/missing --run autoconf'
AUTOHEADER='${SHELL} /home/q56/bld/esp8266/2/Lua-RTOS-ESP8266/platform/esp8266/newlib-xtensa/missing --run autoheader'
AUTOMAKE='${SHELL} /home/q56/bld/esp8266/2/Lua-RTOS-ESP8266/platform/esp8266/newlib-xtensa/missing --run automake-1.9'
AWK='gawk'
CC='xtensa-lx106-elf-gcc'
CCAS='xtensa-lx106-elf-as'
CCASFLAGS='-O2'
CCDEPMODE='depmode=gcc3'
CYGPATH_W='echo'
DEFS='-DPACKAGE_NAME=\"newlib\" -DPACKAGE_TARNAME=\"newlib\" -DPACKAGE_VERSION=\"1.19.0\" -DPACKAGE_STRING=\"newlib\ 1.19.0\" -DPACKAGE_BUGREPORT=\"\" -DPACKAGE_URL=\"\"'
DEPDIR='.deps'
ECHO_C=''
ECHO_N='-n'
ECHO_T=''
ELIX_LEVEL_0_FALSE='#'
ELIX_LEVEL_0_TRUE=''
ELIX_LEVEL_1_FALSE=''
ELIX_LEVEL_1_TRUE='#'
ELIX_LEVEL_2_FALSE=''
ELIX_LEVEL_2_TRUE='#'
ELIX_LEVEL_3_FALSE=''
ELIX_LEVEL_3_TRUE='#'
ELIX_LEVEL_4_FALSE=''
ELIX_LEVEL_4_TRUE='#'
INSTALL_DATA='${INSTALL} -m 644'
INSTALL_PROGRAM='${INSTALL}'
INSTALL_SCRIPT='${INSTALL}'
INSTALL_STRIP_PROGRAM='${SHELL} $(install_sh) -c -s'
LDFLAGS=''
LIBOBJS=''
LIBS=''
LTLIBOBJS=''
MAINT='#'
MAINTAINER_MODE_FALSE=''
MAINTAINER_MODE_TRUE='#'
MAKEINFO='${SHELL} /home/q56/bld/esp8266/2/Lua-RTOS-ESP8266/platform/esp8266/newlib-xtensa/missing --run makeinfo'
MAY_SUPPLY_SYSCALLS_FALSE='#'
MAY_SUPPLY_SYSCALLS_TRUE=''
NEWLIB_CFLAGS=' -Os -mlongcalls -DREENTRANT_SYSCALLS_PROVIDED -DREENTRANT_SYSCALLS_PROVIDED -DHAVE_RENAME_R -DHAVE_GETTIMEOFDAY -DSIGNAL_PROVIDED -DABORT_PROVIDED -D__OPTIMIZE_SIZE__ -DPATH_MAX=64 -I. -fno-builtin'
NO_INCLUDE_LIST=' rpc/types.h rpc/xdr.h'
OBJEXT='o'
PACKAGE='newlib'
PACKAGE_BUGREPORT=''
PACKAGE_NAME='newlib'
PACKAGE_STRING='newlib 1.19.0'
PACKAGE_TARNAME='newlib'
PACKAGE_URL=''
PACKAGE_VERSION='1.19.0'
PATH_SEPARATOR=':'
RANLIB='xtensa-lx106-elf-ranlib'
READELF='xtensa-lx106-elf-readelf'
SET_MAKE=''
SHELL='/bin/bash'
STRIP='xtensa-lx106-elf-strip'
USE_LIBTOOL_FALSE=''
USE_LIBTOOL_TRUE='#'
VERSION='1.19.0'
aext='a'
am__fastdepCC_FALSE='#'
am__fastdepCC_TRUE=''
am__include='include'
am__leading_dot='.'
am__quote=''
am__tar='${AMTAR} chof - "$$tardir"'
am__untar='${AMTAR} xf -'
bindir='${exec_prefix}/bin'
build='i686-pc-linux-gnu'
build_alias=''
build_cpu='i686'
build_os='linux-gnu'
build_vendor='pc'
datadir='${datarootdir}'
datarootdir='${prefix}/share'
docdir='${datarootdir}/doc/${PACKAGE_TARNAME}'
dvidir='${docdir}'
exec_prefix='/home/q56/xtensa-lx106-elf'
host='xtensa-lx106-elf'
host_alias='xtensa-lx106-elf'
host_cpu='xtensa'
host_os='elf'
host_vendor='lx106'
htmldir='${docdir}'
includedir='${prefix}/include'
infodir='${datarootdir}/info'
install_sh='/home/q56/bld/esp8266/2/Lua-RTOS-ESP8266/platform/esp8266/newlib-xtensa/install-sh'
libdir='${exec_prefix}/lib'
libexecdir='${exec_prefix}/libexec'
libm_machine_dir='xtensa'
localedir='${datarootdir}/locale'
localstatedir='${prefix}/var'
lpfx='lib_a-'
machine_dir='xtensa'
mandir='${datarootdir}/man'
mkdir_p='mkdir -p --'
newlib_basedir='./../../..'
oext='o'
oldincludedir='/usr/include'
pdfdir='${docdir}'
prefix='/usr/local'
program_transform_name='s&^&xtensa-lx106-elf-&'
psdir='${docdir}'
sbindir='${exec_prefix}/sbin'
sharedstatedir='${prefix}/com'
sys_dir='xtensa'
sysconfdir='${prefix}/etc'
target_alias=''

## ----------- ##
## confdefs.h. ##
## ----------- ##

/* confdefs.h */
#define PACKAGE_NAME "newlib"
#define PACKAGE_TARNAME "newlib"
#define PACKAGE_VERSION "1.19.0"
#define PACKAGE_STRING "newlib 1.19.0"
#define PACKAGE_BUGREPORT ""
#define PACKAGE_URL ""

configure: exit 0
